"../../../Engine/Content/Functions/Engine_MaterialFunctions01/Opacity/AlphaOffset.uasset" 0
"../../../Bettseecher/Content/StarterContent/Textures/T_MacroVariation.uasset" 1
"../../../Bettseecher/Content/StarterContent/Textures/T_Wood_Floor_Walnut_D.uasset" 2
"../../../Bettseecher/Content/StarterContent/Textures/T_Wood_Floor_Walnut_M.uasset" 3
"../../../Bettseecher/Content/StarterContent/Textures/T_Wood_Floor_Walnut_N.uasset" 4
"../../../Bettseecher/Content/Assets/M_Wood_Floor_Walnut_Worn_Mannor.uasset" 5
"../../../Bettseecher/Content/Assets/woodpanel1.uasset" 6
"../../../Bettseecher/Content/Assets/Material_001.uasset" 7
"../../../Bettseecher/Content/Assets/woodpanel2.uasset" 8
"../../../Bettseecher/Content/Assets/Materials/Material.uasset" 9
"../../../Bettseecher/Content/StarterContent/Textures/T_Brick_Clay_Old_D.uasset" 10
"../../../Bettseecher/Content/StarterContent/Textures/T_Brick_Clay_Old_N.uasset" 11
"../../../Bettseecher/Content/StarterContent/Textures/T_Perlin_Noise_M.uasset" 12
"../../../Bettseecher/Content/Assets/Materials/M_Brick_Clay_Old.uasset" 13
"../../../Bettseecher/Content/Assets/Materials/M_Brick_Clay_Old_FirePlace.uasset" 14
"../../../Bettseecher/Content/Assets/Materials/painting2.uasset" 15
"../../../Bettseecher/Content/Assets/Materials/painting_2.uasset" 16
"../../../Bettseecher/Content/Blueprints/HeadBobbing.uasset" 17
"../../../Bettseecher/Content/Blueprints/MyCharacter.uasset" 18
"../../../Bettseecher/Content/Blueprints/MyPlayerController.uasset" 19
"../../../Bettseecher/Content/Mannequin/Character/Mesh/UE4_Mannequin_Skeleton.uasset" 20
"../../../Bettseecher/Content/Mannequin/Animations/ThirdPerson_Jump.uasset" 21
"../../../Bettseecher/Content/Mannequin/Animations/ThirdPersonJump_Loop.uasset" 22
"../../../Bettseecher/Content/Mannequin/Animations/ThirdPersonJump_Start.uasset" 23
"../../../Bettseecher/Content/Mannequin/Animations/ThirdPersonIdle.uasset" 24
"../../../Bettseecher/Content/Mannequin/Animations/ThirdPersonRun.uasset" 25
"../../../Bettseecher/Content/Sound/step_wood_01.uasset" 26
"../../../Bettseecher/Content/Mannequin/Animations/ThirdPersonWalk.uasset" 27
"../../../Bettseecher/Content/Mannequin/Animations/ThirdPerson_IdleRun_2D.uasset" 28
"../../../Engine/Content/EditorBlueprintResources/StandardMacros.uasset" 29
"../../../Bettseecher/Content/Mannequin/Animations/ThirdPerson_AnimBP.uasset" 30
"../../../Bettseecher/Content/Sound/Door_Close-SoundBible_com-1305692306.uasset" 31
"../../../Bettseecher/Content/Sound/open_door.uasset" 32
"../../../Bettseecher/Content/StarterContent/Materials/M_Glass.uasset" 33
"../../../Bettseecher/Content/StarterContent/Textures/T_Door_M.uasset" 34
"../../../Bettseecher/Content/StarterContent/Textures/T_Door_N.uasset" 35
"../../../Bettseecher/Content/StarterContent/Props/Materials/M_Door.uasset" 36
"../../../Bettseecher/Content/StarterContent/Props/SM_Door.uasset" 37
"../../../Bettseecher/Content/Blueprints/Door_Interactive.uasset" 38
"../../../Engine/Content/Functions/Engine_MaterialFunctions02/Utility/BlendAngleCorrectedNormals.uasset" 39
"../../../Engine/Content/Functions/MaterialLayerFunctions/MatLayerBlend_NormalBlend.uasset" 40
"../../../Engine/Content/Functions/MaterialLayerFunctions/MatLayerBlend_Simple.uasset" 41
"../../../Bettseecher/Content/Mannequin/Character/Materials/MaterialLayers/T_ML_Rubber_Blue_01_D.uasset" 42
"../../../Bettseecher/Content/Mannequin/Character/Materials/MaterialLayers/T_ML_Rubber_Blue_01_N.uasset" 43
"../../../Bettseecher/Content/Mannequin/Character/Materials/MaterialLayers/ML_GlossyBlack_Latex_UE4.uasset" 44
"../../../Bettseecher/Content/Mannequin/Character/Materials/MaterialLayers/ML_Plastic_Shiny_Beige.uasset" 45
"../../../Bettseecher/Content/Mannequin/Character/Textures/UE4_LOGO_CARD.uasset" 46
"../../../Bettseecher/Content/Mannequin/Character/Materials/MaterialLayers/ML_Plastic_Shiny_Beige_LOGO.uasset" 47
"../../../Bettseecher/Content/Mannequin/Character/Materials/MaterialLayers/T_ML_Aluminum01.uasset" 48
"../../../Bettseecher/Content/Mannequin/Character/Materials/MaterialLayers/T_ML_Aluminum01_N.uasset" 49
"../../../Bettseecher/Content/Mannequin/Character/Materials/MaterialLayers/ML_SoftMetal_UE4.uasset" 50
"../../../Bettseecher/Content/Mannequin/Character/Textures/UE4_Mannequin__normals.uasset" 51
"../../../Bettseecher/Content/Mannequin/Character/Textures/UE4_Mannequin_MAT_MASKA.uasset" 52
"../../../Bettseecher/Content/Mannequin/Character/Materials/M_UE4Man_Body.uasset" 53
"../../../Bettseecher/Content/Mannequin/Character/Textures/UE4Man_Logo_N.uasset" 54
"../../../Bettseecher/Content/Mannequin/Character/Materials/M_UE4Man_ChestLogo.uasset" 55
"../../../Bettseecher/Content/Mannequin/Character/Mesh/SK_Mannequin_PhysicsAsset.uasset" 56
"../../../Bettseecher/Content/Mannequin/Character/Mesh/SK_Mannequin.uasset" 57
"../../../Bettseecher/Content/UI/UI_DoorKnob_Icon.uasset" 58
"../../../Bettseecher/Content/UI/UI_MainHUD.uasset" 59
"../../../Bettseecher/Content/Blueprints/ThirdPersonCharacter.uasset" 60
"../../../Bettseecher/Content/Blueprints/MyGameMode.uasset" 61
"../../../Bettseecher/Content/Levels/Level_1_BuiltData.uasset" 62
"../../../Bettseecher/Content/Mannequin/Animations/ThirdPersonJump_End.uasset" 63
"../../../Bettseecher/Content/Assets/Materials/candle_texture.uasset" 64
"../../../Bettseecher/Content/Assets/Materials/Material_CandleFire.uasset" 65
"../../../Bettseecher/Content/Particles/CandleFire.uasset" 66
"../../../Bettseecher/Content/Sound/12739__leady__locked-door.uasset" 67
"../../../Bettseecher/Content/Sound/step_wood_02.uasset" 68
"../../../Bettseecher/Content/StarterContent/Materials/M_Basic_Wall.uasset" 69
"../../../Bettseecher/Content/StarterContent/Architecture/Pillar_50x500.uasset" 70
"../../../Bettseecher/Content/StarterContent/Architecture/Wall_400x400.uasset" 71
"../../../Bettseecher/Content/StarterContent/Architecture/Wall_500x500.uasset" 72
"../../../Bettseecher/Content/StarterContent/Architecture/Wall_Door_400x400.uasset" 73
"../../../Bettseecher/Content/StarterContent/Architecture/Wall_Window_400x400.uasset" 74
"../../../Bettseecher/Content/StarterContent/Audio/Light01_Cue.uasset" 75
"../../../Bettseecher/Content/StarterContent/Audio/Light02_Cue.uasset" 76
"../../../Bettseecher/Content/StarterContent/Audio/Explosion_Cue.uasset" 77
"../../../Bettseecher/Content/StarterContent/Textures/T_Burst_M.uasset" 78
"../../../Bettseecher/Content/StarterContent/Particles/Materials/M_Burst.uasset" 79
"../../../Bettseecher/Content/StarterContent/Textures/T_Explosion_SubUV.uasset" 80
"../../../Bettseecher/Content/StarterContent/Particles/Materials/M_explosion_subUV.uasset" 81
"../../../Bettseecher/Content/StarterContent/Particles/Materials/m_flare_01.uasset" 82
"../../../Engine/Content/Functions/Engine_MaterialFunctions01/Gradient/RadialGradient.uasset" 83
"../../../Bettseecher/Content/StarterContent/Particles/Materials/M_radial_ramp.uasset" 84
"../../../Bettseecher/Content/StarterContent/Textures/T_Smoke_SubUV.uasset" 85
"../../../Bettseecher/Content/StarterContent/Textures/T_Smoke_Tiled_D.uasset" 86
"../../../Bettseecher/Content/StarterContent/Particles/Materials/M_smoke_subUV.uasset" 87
"../../../Bettseecher/Content/StarterContent/Particles/P_Explosion.uasset" 88
"../../../Bettseecher/Content/StarterContent/Blueprints/Blueprint_Effect_Explosion.uasset" 89
"../../../Engine/Content/EditorMeshes/ColorCalibrator/T_ColorGrid.uasset" 90
"../../../Bettseecher/Content/StarterContent/Materials/M_ColorGrid_LowSpec.uasset" 91
"../../../Bettseecher/Content/StarterContent/Textures/T_Bush_D.uasset" 92
"../../../Bettseecher/Content/StarterContent/Textures/T_Bush_N.uasset" 93
"../../../Bettseecher/Content/StarterContent/Props/Materials/M_Bush.uasset" 94
"../../../Bettseecher/Content/StarterContent/Props/SM_Bush.uasset" 95
"../../../Bettseecher/Content/StarterContent/Textures/T_Chair_M.uasset" 96
"../../../Bettseecher/Content/StarterContent/Textures/T_Chair_N.uasset" 97
"../../../Bettseecher/Content/StarterContent/Props/Materials/M_Chair.uasset" 98
"../../../Bettseecher/Content/StarterContent/Props/SM_Couch.uasset" 99
"../../../Bettseecher/Content/StarterContent/Props/Materials/M_MaterialSphere.uasset" 100
"../../../Bettseecher/Content/StarterContent/Props/Materials/M_MaterialSphere_Plain.uasset" 101
"../../../Bettseecher/Content/StarterContent/Props/SM_MatPreviewMesh_02.uasset" 102
"../../../Bettseecher/Content/StarterContent/Textures/T_Detail_Rocky_N.uasset" 103
"../../../Bettseecher/Content/StarterContent/Textures/T_Rock_Basalt_D.uasset" 104
"../../../Bettseecher/Content/StarterContent/Textures/T_RockMesh_M.uasset" 105
"../../../Bettseecher/Content/StarterContent/Textures/T_RockMesh_N.uasset" 106
"../../../Bettseecher/Content/StarterContent/Props/Materials/M_Rock.uasset" 107
"../../../Bettseecher/Content/StarterContent/Props/SM_Rock.uasset" 108
"../../../Bettseecher/Content/StarterContent/Textures/T_Shelf_M.uasset" 109
"../../../Bettseecher/Content/StarterContent/Textures/T_Shelf_N.uasset" 110
"../../../Bettseecher/Content/StarterContent/Props/Materials/M_Shelf.uasset" 111
"../../../Bettseecher/Content/StarterContent/Props/SM_Shelf.uasset" 112
"../../../Bettseecher/Content/StarterContent/Materials/M_Basic_Floor.uasset" 113
"../../../Bettseecher/Content/StarterContent/Props/SM_Stairs.uasset" 114
"../../../Bettseecher/Content/StarterContent/Shapes/Shape_Cone.uasset" 115
"../../../Bettseecher/Content/StarterContent/Shapes/Shape_Cylinder.uasset" 116
"../../../Bettseecher/Content/StarterContent/Shapes/Shape_NarrowCapsule.uasset" 117
"../../../Bettseecher/Content/StarterContent/Shapes/Shape_Pipe.uasset" 118
"../../../Bettseecher/Content/StarterContent/Shapes/Shape_Pipe_180.uasset" 119
"../../../Bettseecher/Content/StarterContent/Shapes/Shape_Pipe_90.uasset" 120
"../../../Bettseecher/Content/StarterContent/Shapes/Shape_Plane.uasset" 121
"../../../Bettseecher/Content/StarterContent/Shapes/Shape_Torus.uasset" 122
"../../../Bettseecher/Content/StarterContent/Shapes/Shape_Trim.uasset" 123
"../../../Bettseecher/Content/StarterContent/Shapes/Shape_Trim_90_In.uasset" 124
"../../../Bettseecher/Content/StarterContent/Shapes/Shape_Trim_90_Out.uasset" 125
"../../../Bettseecher/Content/StarterContent/Shapes/Shape_TriPyramid.uasset" 126
"../../../Bettseecher/Content/StarterContent/Shapes/Shape_Tube.uasset" 127
"../../../Bettseecher/Content/StarterContent/Shapes/Shape_Wedge_A.uasset" 128
"../../../Bettseecher/Content/StarterContent/Shapes/Shape_Wedge_B.uasset" 129
"../../../Bettseecher/Content/StarterContent/Shapes/Shape_WideCapsule.uasset" 130
"../../../Bettseecher/Content/StarterContent/Textures/T_Wood_Walnut_D.uasset" 131
"../../../Bettseecher/Content/StarterContent/Textures/T_Wood_Walnut_N.uasset" 132
"../../../Bettseecher/Content/StarterContent/Textures/T_Wood_Walnut_Mat.uasset" 133
"../../../Bettseecher/Content/ThirdPersonBP/Blueprints/ThirdPersonGameMode.uasset" 134
"../../../Engine/Content/BasicShapes/BasicShapeMaterial.uasset" 135
"../../../Engine/Content/Functions/Engine_MaterialFunctions01/Opacity/CameraDepthFade.uasset" 136
"../../../Engine/Content/EngineMaterials/T_Default_Material_Grid_M.uasset" 137
"../../../Engine/Content/EngineMaterials/T_Default_Material_Grid_N.uasset" 138
"../../../Engine/Content/EngineMaterials/WorldGridMaterial.uasset" 139
"../../../Engine/Content/BasicShapes/Cube.uasset" 140
"../../../Bettseecher/Content/UI/3D_Menu_Object.uasset" 141
"../../../Bettseecher/Content/UI/Icon_Door_Handle.uasset" 142
"../../../Bettseecher/Content/UI/MainHUD.uasset" 143
"../../../Engine/Content/EngineMaterials/DefaultMaterial.uasset" 144
"../../../Engine/Content/BasicShapes/Cone.uasset" 145
"../../../Engine/Content/BasicShapes/Cylinder.uasset" 146
"../../../Engine/Content/BasicShapes/Plane.uasset" 147
"../../../Engine/Content/BasicShapes/Sphere.uasset" 148
"../../../Engine/Content/EditorLandscapeResources/DataLayer.uasset" 149
"../../../Engine/Content/EditorMaterials/GizmoMaterial.uasset" 150
"../../../Engine/Content/EditorMaterials/MAT_Groups_Toggle.uasset" 151
"../../../Engine/Content/EditorMaterials/MAT_Groups_Visibility.uasset" 152
"../../../Engine/Content/EditorMaterials/PreviewShadowIndicator.uasset" 153
"../../../Engine/Content/EditorMaterials/PreviewShadowIndicatorMaterial.uasset" 154
"../../../Engine/Content/EditorMaterials/AssetViewer/EpicQuadPanorama_CC+EV1.uasset" 155
"../../../Engine/Content/EditorMaterials/MatineeGroups/MAT_ColorTrack.uasset" 156
"../../../Engine/Content/EditorMaterials/MatineeGroups/MAT_Groups_Anim.uasset" 157
"../../../Engine/Content/EditorMaterials/MatineeGroups/MAT_Groups_AudioMaster.uasset" 158
"../../../Engine/Content/EditorMaterials/MatineeGroups/MAT_Groups_Director.uasset" 159
"../../../Engine/Content/EditorMaterials/MatineeGroups/MAT_Groups_Event.uasset" 160
"../../../Engine/Content/EditorMaterials/MatineeGroups/MAT_Groups_Fade.uasset" 161
"../../../Engine/Content/EditorMaterials/MatineeGroups/MAT_Groups_Float.uasset" 162
"../../../Engine/Content/EditorMaterials/MatineeGroups/MAT_Groups_Move.uasset" 163
"../../../Engine/Content/EditorMaterials/MatineeGroups/MAT_Groups_Slomo.uasset" 164
"../../../Engine/Content/EditorMaterials/MatineeGroups/MAT_Groups_Sound.uasset" 165
"../../../Engine/Content/EditorMaterials/MatineeGroups/MAT_Groups_Vector.uasset" 166
"../../../Engine/Content/EditorMaterials/ParticleSystems/PSysThumbnail_NoImage.uasset" 167
"../../../Engine/Content/EditorMaterials/ParticleSystems/PSysThumbnail_OOD.uasset" 168
"../../../Engine/Content/EditorMaterials/Camera/CineMat.uasset" 169
"../../../Engine/Content/EditorMaterials/Camera/MI_CineMat_Rig.uasset" 170
"../../../Engine/Content/EditorMeshes/Camera/SM_CraneRig_Arm.uasset" 171
"../../../Engine/Content/EditorMeshes/Camera/SM_CraneRig_Base.uasset" 172
"../../../Engine/Content/EditorMeshes/Camera/SM_CraneRig_Body.uasset" 173
"../../../Engine/Content/EditorMeshes/Camera/SM_CraneRig_Mount.uasset" 174
"../../../Engine/Content/EditorMeshes/Camera/SM_RailRig_Mount.uasset" 175
"../../../Engine/Content/EditorMeshes/Camera/SM_RailRig_Track.uasset" 176
"../../../Engine/Content/EditorResources/BSPVertex.uasset" 177
"../../../Engine/Content/EditorResources/EmptyActor.uasset" 178
"../../../Engine/Content/EditorResources/S_Actor.uasset" 179
"../../../Engine/Content/EditorResources/S_Trigger.uasset" 180
"../../../Engine/Content/EditorResources/AudioIcons/S_AudioComponent.uasset" 181
"../../../Engine/Content/EditorResources/AudioIcons/S_AudioComponent_AutoActivate.uasset" 182
"../../../Engine/Content/EditorResources/LightIcons/S_LightError.uasset" 183
"../../../Engine/Content/EditorResources/SequenceRecorder/Countdown.uasset" 184
"../../../Engine/Content/EditorResources/SequenceRecorder/RecordingIndicator.uasset" 185
"../../../Engine/Content/EditorSounds/Notifications/CompileFailed.uasset" 186
"../../../Engine/Content/EditorSounds/Notifications/CompileFailed_Cue.uasset" 187
"../../../Engine/Content/EditorSounds/Notifications/CompileSuccess.uasset" 188
"../../../Engine/Content/EditorSounds/Notifications/CompileStart_Cue.uasset" 189
"../../../Engine/Content/EditorSounds/Notifications/CompileSuccess_Cue.uasset" 190
"../../../Engine/Content/EngineDamageTypes/DmgTypeBP_Environmental.uasset" 191
"../../../Engine/Content/EngineDebugMaterials/HeatmapGradient.uasset" 192
"../../../Engine/Content/EngineDebugMaterials/BoneWeightMaterial.uasset" 193
"../../../Engine/Content/EngineDebugMaterials/ClothMaterial.uasset" 194
"../../../Engine/Content/EngineDebugMaterials/DebugMeshMaterial.uasset" 195
"../../../Engine/Content/EngineDebugMaterials/GeomMaterial.uasset" 196
"../../../Engine/Content/EngineFonts/Faces/RobotoBold.uasset" 197
"../../../Engine/Content/EngineFonts/Faces/RobotoBoldItalic.uasset" 198
"../../../Engine/Content/EngineFonts/Faces/RobotoItalic.uasset" 199
"../../../Engine/Content/EngineFonts/Faces/RobotoLight.uasset" 200
"../../../Engine/Content/EngineFonts/Faces/RobotoRegular.uasset" 201
"../../../Engine/Content/EngineFonts/Roboto.uasset" 202
"../../../Engine/Content/EngineFonts/Faces/RobotoTiny.uasset" 203
"../../../Engine/Content/EngineFonts/RobotoTiny.uasset" 204
"../../../Engine/Content/EngineMaterials/DefaultBloomKernel.uasset" 205
"../../../Engine/Content/EngineMaterials/DefaultBokeh.uasset" 206
"../../../Engine/Content/EngineMaterials/DefaultDiffuse.uasset" 207
"../../../Engine/Content/EngineMaterials/DefaultDeferredDecalMaterial.uasset" 208
"../../../Engine/Content/EngineMaterials/DefaultLightFunctionMaterial.uasset" 209
"../../../Engine/Content/Functions/Engine_MaterialFunctions02/Utility/BreakOutFloat2Components.uasset" 210
"../../../Engine/Content/EngineMaterials/DefaultPostProcessMaterial.uasset" 211
"../../../Engine/Content/EngineFonts/RobotoDistanceField.uasset" 212
"../../../Engine/Content/EngineMaterials/DefaultTextMaterialOpaque.uasset" 213
"../../../Engine/Content/EngineMaterials/DefaultWhiteGrid.uasset" 214
"../../../Engine/Content/EngineMaterials/EditorBrushMaterial.uasset" 215
"../../../Engine/Content/EngineMaterials/Good64x64TilingNoiseHighFreq.uasset" 216
"../../../Engine/Content/EngineMaterials/MiniFont.uasset" 217
"../../../Engine/Content/EngineMaterials/InvalidLightmapSettings.uasset" 218
"../../../Engine/Content/EngineMaterials/M_InvalidLightmapSettings.uasset" 219
"../../../Engine/Content/EngineMaterials/PhAT_JointLimitMaterial.uasset" 220
"../../../Engine/Content/EngineMaterials/PreintegratedSkinBRDF.uasset" 221
"../../../Engine/Content/EngineMaterials/RemoveSurfaceMaterial.uasset" 222
"../../../Engine/Content/EngineMaterials/WeightMapPlaceholderTexture.uasset" 223
"../../../Engine/Content/EngineResources/WhiteSquareTexture.uasset" 224
"../../../Engine/Content/EngineMaterials/Widget3DPassThrough.uasset" 225
"../../../Engine/Content/EngineMaterials/Widget3DPassThrough_Masked.uasset" 226
"../../../Engine/Content/EngineMaterials/Widget3DPassThrough_Opaque.uasset" 227
"../../../Engine/Content/EngineMaterials/Widget3DPassThrough_Masked_OneSided.uasset" 228
"../../../Engine/Content/EngineMaterials/Widget3DPassThrough_Opaque_OneSided.uasset" 229
"../../../Engine/Content/EngineMaterials/Widget3DPassThrough_Translucent.uasset" 230
"../../../Engine/Content/EngineMaterials/Widget3DPassThrough_Translucent_OneSided.uasset" 231
"../../../Engine/Content/EngineMeshes/Cube.uasset" 232
"../../../Engine/Content/EngineMeshes/Cylinder.uasset" 233
"../../../Engine/Content/EngineMeshes/Sphere.uasset" 234
"../../../Engine/Content/EngineResources/Black.uasset" 235
"../../../Engine/Content/EngineResources/DefaultTexture.uasset" 236
"../../../Engine/Content/EngineResources/DefaultTextureCube.uasset" 237
"../../../Engine/Content/EngineResources/GradientTexture0.uasset" 238
"../../../Engine/Content/EngineSounds/Master.uasset" 239
"../../../Engine/Content/Functions/Engine_MaterialFunctions01/Shading/ConvertFromDiffSpec.uasset" 240
"../../../Engine/Content/Functions/Engine_MaterialFunctions01/Shading/PowerToRoughness.uasset" 241
"../../../Engine/Content/Maps/Templates/Thumbnails/Default.uasset" 242
"../../../Engine/Content/Maps/Templates/Thumbnails/VR-Basic.uasset" 243
"../../../Engine/Content/MobileResources/T_MobileControls_texture.uasset" 244
"../../../Engine/Content/MobileResources/T_MobileMenu2.uasset" 245
"../../../Engine/Content/MobileResources/HUD/AnalogHat.uasset" 246
"../../../Engine/Content/MobileResources/HUD/VirtualJoystick_Background.uasset" 247
"../../../Engine/Content/MobileResources/HUD/VirtualJoystick_Thumb.uasset" 248
"../../../Engine/Content/MobileResources/HUD/DefaultVirtualJoysticks.uasset" 249
"../../../Engine/Content/MobileResources/HUD/LeftVirtualJoystickOnly.uasset" 250
"../../../Engine/Content/MobileResources/HUD/MobileHUDButton1_off.uasset" 251
"../../../Engine/Content/MobileResources/HUD/MobileHUDButton1_on.uasset" 252
"../../../Engine/Content/MobileResources/HUD/MobileHUDButton2_off.uasset" 253
"../../../Engine/Content/MobileResources/HUD/MobileHUDButton2_on.uasset" 254
"../../../Engine/Content/MobileResources/HUD/MobileHUDButton3.uasset" 255
"../../../Engine/Content/MobileResources/HUD/MobileHUDButtonFire.uasset" 256
"../../../Engine/Content/MobileResources/HUD/MobileHUDDirectionPad.uasset" 257
"../../../Engine/Content/MobileResources/HUD/MobileHUDDirectionPad2.uasset" 258
"../../../Engine/Content/MobileResources/HUD/MobileHUDDirectionPad3.uasset" 259
"../../../Engine/Content/MobileResources/HUD/MobileHUDDirectionStick.uasset" 260
"../../../Engine/Content/MobileResources/HUD/T_Castle_ThumbstickInner.uasset" 261
"../../../Engine/Content/MobileResources/HUD/T_Castle_ThumbstickOutter.uasset" 262
"../../../Engine/Content/Tutorial/ContentIntroCurve.uasset" 263
"../../../Engine/Content/Tutorial/Basics/TutorialAssets/icon_tab_Levels_40x.uasset" 264
"../../../Engine/Content/Tutorial/BlueprintTutorials/TutorialAssets/BlueprintInterface_64x.uasset" 265
"../../../Engine/Content/Tutorial/BlueprintTutorials/TutorialAssets/BlueprintMacroLibrary_64x.uasset" 266
"../../../Engine/Content/Tutorial/BlueprintTutorials/TutorialAssets/Blueprint_64x.uasset" 267
"../../../Engine/Content/Tutorial/BlueprintTutorials/TutorialAssets/Tutorial_BP_Interface.uasset" 268
"../../../Engine/Content/Tutorial/Foliage/TutorialAssets/Foliage.uasset" 269
"../../../Engine/Content/Tutorial/Landscape/TutorialAssets/Landscape.uasset" 270
"../../../Engine/Content/Tutorial/Paper2D/TutorialAssets/Paper2DFlipbook_TutorialIcon.uasset" 271
"../../../Engine/Content/Tutorial/Paper2D/TutorialAssets/Paper2DSprite_TutorialIcon.uasset" 272
"../../../Engine/Content/Tutorial/SubEditors/TutorialAssets/icon_Editor_Preferences_General_40x.uasset" 273
"../../../Engine/Content/Tutorial/SubEditors/TutorialAssets/icon_ShowSkeletalMeshes_40x.uasset" 274
"../../../Engine/Content/Tutorial/SubEditors/TutorialAssets/TutorialMaterial.uasset" 275
"../../../Engine/Content/Tutorial/SubEditors/TutorialAssets/T_SmokeSubUV_8X8.uasset" 276
"../../../Engine/Content/Tutorial/SubEditors/TutorialAssets/T_soft_smoke.uasset" 277
"../../../Engine/Content/Tutorial/SubEditors/TutorialAssets/M_smoke_subUV_blackbody.uasset" 278
"../../../Engine/Content/Tutorial/SubEditors/TutorialAssets/TutorialParticleSystem.uasset" 279
"../../../Engine/Content/EditorMeshes/EditorCube.uasset" 280
"../../../Engine/Content/Tutorial/SubEditors/TutorialAssets/Tutorial_DM.uasset" 281
"../../../Engine/Content/VREditor/Devices/Generic/GenericHMDMaterial.uasset" 282
"../../../Engine/Content/VREditor/Devices/Generic/GenericHMD.uasset" 283
"../../../Engine/Content/VREditor/FloatingText/LineMaterial.uasset" 284
"../../../Engine/Content/VREditor/FloatingText/JointSphere.uasset" 285
"../../../Engine/Content/VREditor/FloatingText/LineSegmentCylinder.uasset" 286
"../../../Engine/Content/VREditor/Fonts/VRText_RobotoLarge.uasset" 287
"../../../Engine/Content/VREditor/Fonts/VRTextMaterial.uasset" 288
"../../../Engine/Content/VREditor/Fonts/TranslucentVRTextMaterial.uasset" 289
"../../../Engine/Content/VREditor/LaserPointer/VR_LaserPower_01.uasset" 290
"../../../Engine/Content/VREditor/TransformGizmo/TransformGizmoMaterial.uasset" 291
"../../../Engine/Content/VREditor/LaserPointer/HoverMaterial.uasset" 292
"../../../Engine/Content/VREditor/TransformGizmo/TranslucentTransformGizmoMaterial.uasset" 293
"../../../Engine/Content/VREditor/LaserPointer/TranslucentHoverMaterial.uasset" 294
"../../../Engine/Content/VREditor/LaserPointer/HoverMesh.uasset" 295
"../../../Engine/Content/VREditor/LaserPointer/LaserPointerMaterial.uasset" 296
"../../../Engine/Content/VREditor/LaserPointer/LaserPointerMaterialInst.uasset" 297
"../../../Engine/Content/VREditor/LaserPointer/TranslucentLaserPointerMaterialInst.uasset" 298
"../../../Engine/Content/VREditor/LaserPointer/LaserPointerMesh.uasset" 299
"../../../Engine/Content/VREditor/LaserPointer/LaserPointerMesh_End.uasset" 300
"../../../Engine/Content/VREditor/LaserPointer/LaserPointerMesh_Start.uasset" 301
"../../../Engine/Content/Functions/Engine_MaterialFunctions02/Utility/BreakOutFloat3Components.uasset" 302
"../../../Engine/Content/Functions/Engine_MaterialFunctions02/Math/Transform3x3Matrix.uasset" 303
"../../../Engine/Content/Functions/Engine_MaterialFunctions02/SplitComponents.uasset" 304
"../../../Engine/Content/Functions/Engine_MaterialFunctions02/Utility/MakeFloat3.uasset" 305
"../../../Engine/Content/VREditor/SnapGrid/SnapGridMaterial.uasset" 306
"../../../Engine/Content/VREditor/SnapGrid/SnapGridPlaneMesh.uasset" 307
"../../../Engine/Content/VREditor/Sounds/VR_teleport_Cue.uasset" 308
"../../../Engine/Content/VREditor/Sounds/UI/Click_on_Button_Cue.uasset" 309
"../../../Engine/Content/VREditor/Sounds/UI/Dockable_Window_Close.uasset" 310
"../../../Engine/Content/VREditor/Sounds/UI/Dockable_Window_Drop.uasset" 311
"../../../Engine/Content/VREditor/Sounds/UI/Dockable_Window_Open.uasset" 312
"../../../Engine/Content/VREditor/Sounds/UI/Dockable_Window_Pick_Up.uasset" 313
"../../../Engine/Content/VREditor/Sounds/UI/Drop_Item_From_ContentBrowser.uasset" 314
"../../../Engine/Content/VREditor/Sounds/UI/Floating_UI_Open-001.uasset" 315
"../../../Engine/Content/VREditor/Sounds/UI/Gizmo_Handle_Clicked.uasset" 316
"../../../Engine/Content/VREditor/Sounds/UI/Object_PickUp.uasset" 317
"../../../Engine/Content/VREditor/Sounds/UI/Object_Snaps_To_Another_Actor.uasset" 318
"../../../Engine/Content/VREditor/Sounds/UI/Object_Snaps_To_Grid.uasset" 319
"../../../Engine/Content/VREditor/Sounds/UI/Radial_Menu_FadeOut.uasset" 320
"../../../Engine/Content/VREditor/Sounds/UI/Scaling_Down.uasset" 321
"../../../Engine/Content/VREditor/Sounds/UI/Scaling_Up.uasset" 322
"../../../Engine/Content/VREditor/Sounds/UI/Selection_Changes.uasset" 323
"../../../Engine/Content/VREditor/Sounds/UI/Teleport_Mode_Entered.uasset" 324
"../../../Engine/Content/VREditor/Teleport/TeleportDirectionMaterial.uasset" 325
"../../../Engine/Content/VREditor/Teleport/TeleportDirectionMaterial_Inst.uasset" 326
"../../../Engine/Content/VREditor/Teleport/TeleportDirectionMesh.uasset" 327
"../../../Engine/Content/VREditor/TransformGizmo/BoundingBoxCorner.uasset" 328
"../../../Engine/Content/VREditor/TransformGizmo/BoundingBoxEdge.uasset" 329
"../../../Engine/Content/VREditor/TransformGizmo/PlaneTranslationHandle.uasset" 330
"../../../Engine/Content/VREditor/TransformGizmo/RotationHandle.uasset" 331
"../../../Engine/Content/VREditor/TransformGizmo/RotationHandleFull.uasset" 332
"../../../Engine/Content/VREditor/TransformGizmo/RotationHandleIndicator.uasset" 333
"../../../Engine/Content/VREditor/TransformGizmo/RotationHandleQuarter.uasset" 334
"../../../Engine/Content/VREditor/TransformGizmo/Main.uasset" 335
"../../../Engine/Content/VREditor/TransformGizmo/Xray.uasset" 336
"../../../Engine/Content/VREditor/TransformGizmo/SM_Dialog_Close.uasset" 337
"../../../Engine/Content/VREditor/TransformGizmo/SM_Dialog_Move.uasset" 338
"../../../Engine/Content/VREditor/TransformGizmo/SM_Sequencer_Key.uasset" 339
"../../../Engine/Content/VREditor/TransformGizmo/StartRotationHandleIndicator.uasset" 340
"../../../Engine/Content/VREditor/TransformGizmo/TransformGizmoMaterial_Inst.uasset" 341
"../../../Engine/Content/VREditor/TransformGizmo/TranslateArrowHandle.uasset" 342
"../../../Engine/Content/VREditor/TransformGizmo/TranslationHandle.uasset" 343
"../../../Engine/Content/VREditor/TransformGizmo/TranslucentTransformGizmoMaterial_Inst.uasset" 344
"../../../Engine/Content/VREditor/TransformGizmo/UniformScaleHandle.uasset" 345
"../../../Engine/Content/VREditor/UI/KeyDiskMaterial.uasset" 346
"../../../Engine/Content/VREditor/UI/DiscMaterial.uasset" 347
"../../../Engine/Content/VREditor/UI/SM_Radial_Disk.uasset" 348
"../../../Engine/Content/VREditor/WorldMovementGrid/SimpleGrid.uasset" 349
"../../../Engine/Content/VREditor/WorldMovementGrid/GridMaterial.uasset" 350
"../../../Engine/Content/Functions/Engine_MaterialFunctions01/Density/ExponentialDensity.uasset" 351
"../../../Engine/Content/VREditor/WorldMovementGrid/GridPostProcess.uasset" 352
"../../../Engine/Content/EditorLandscapeResources/FlattenHeightMat.uasset" 353
"../../../Engine/Content/VREditor/WorldMovementGrid/PlaneMesh.uasset" 354
"../../../Engine/Plugins/2D/Paper2D/Content/DummySprite.uasset" 355
"../../../Engine/Plugins/2D/Paper2D/Content/DefaultPaperTerrainMaterial.uasset" 356
"../../../Engine/Plugins/2D/Paper2D/Content/DefaultSpriteMaterial.uasset" 357
"../../../Engine/Plugins/2D/Paper2D/Content/MaskedUnlitSpriteMaterial.uasset" 358
"../../../Engine/Plugins/2D/Paper2D/Content/OpaqueUnlitSpriteMaterial.uasset" 359
"../../../Engine/Plugins/2D/Paper2D/Content/PlaceholderTextures/DummySpriteTexture.uasset" 360
"../../../Engine/Plugins/Runtime/GearVR/Content/Textures/GearVRController_AO.uasset" 361
"../../../Engine/Plugins/Runtime/GearVR/Content/Textures/GearVRController_Color.uasset" 362
"../../../Engine/Plugins/Runtime/GearVR/Content/Textures/GearVRController_Normal.uasset" 363
"../../../Engine/Plugins/Runtime/GearVR/Content/Materials/GearVRControllerMaterial.uasset" 364
"../../../Engine/Plugins/Runtime/GearVR/Content/Meshes/GearVrController.uasset" 365
"../../../Engine/Content/EngineSky/C_Sky_Cloud_Color.uasset" 366
"../../../Engine/Content/EngineSky/C_Sky_Horizon_Color.uasset" 367
"../../../Engine/Content/EngineSky/C_Sky_Zenith_Color.uasset" 368
"../../../Engine/Content/EngineSky/T_Sky_Blue.uasset" 369
"../../../Engine/Content/EngineSky/T_Sky_Clouds_M.uasset" 370
"../../../Engine/Content/EngineSky/T_Sky_Stars.uasset" 371
"../../../Engine/Content/EngineSky/M_Sky_Panning_Clouds2.uasset" 372
"../../../Engine/Content/EngineSky/SM_SkySphere.uasset" 373
"../../../Engine/Content/EngineSky/BP_Sky_Sphere.uasset" 374
"../../../Bettseecher/Content/StarterContent/Materials/M_Metal_Brushed_Nickel.uasset" 375
"../../../Bettseecher/Content/StarterContent/Textures/T_Metal_Aluminum_D.uasset" 376
"../../../Bettseecher/Content/StarterContent/Textures/T_Metal_Gold_N.uasset" 377
"../../../Bettseecher/Content/StarterContent/Materials/M_Metal_Burnished_Steel.uasset" 378
"../../../Bettseecher/Content/StarterContent/Textures/T_Metal_Copper_D.uasset" 379
"../../../Bettseecher/Content/StarterContent/Materials/M_Metal_Copper.uasset" 380
"../../../Bettseecher/Content/StarterContent/Textures/T_Statue_M.uasset" 381
"../../../Bettseecher/Content/StarterContent/Textures/T_Statue_N.uasset" 382
"../../../Bettseecher/Content/StarterContent/Props/Materials/M_StatueGlass.uasset" 383
"../../../Bettseecher/Content/StarterContent/Architecture/Floor_400x400.uasset" 384
"../../../Bettseecher/Content/StarterContent/Audio/Starter_Background_Cue.uasset" 385
"../../../Bettseecher/Content/StarterContent/Props/SM_Chair.uasset" 386
"../../../Bettseecher/Content/StarterContent/Props/Materials/M_Statue.uasset" 387
"../../../Bettseecher/Content/StarterContent/Props/SM_Statue.uasset" 388
"../../../Bettseecher/Content/StarterContent/Textures/T_TableRound_M.uasset" 389
"../../../Bettseecher/Content/StarterContent/Textures/T_TableRound_N.uasset" 390
"../../../Bettseecher/Content/StarterContent/Props/Materials/M_TableRound.uasset" 391
"../../../Bettseecher/Content/StarterContent/Props/SM_TableRound.uasset" 392
"../../../Bettseecher/Content/UI/My_Imaginary_Friend.uasset" 393
"../../../Bettseecher/Content/UI/My_Imaginary_Friend_Font.uasset" 394
"../../../Bettseecher/Content/Sound/UI_Menu_Button_Clicked.uasset" 395
"../../../Bettseecher/Content/UI/black-scary-wallpapers-movie-backgrounds-picture-man-season-lonely-dark-abstract-face.uasset" 396
"../../../Bettseecher/Content/Sound/boom.uasset" 397
"../../../Bettseecher/Content/UI/pepethefrog.uasset" 398
"../../../Bettseecher/Content/UI/UI_LoadingScreen.uasset" 399
"../../../Bettseecher/Content/UI/UI_Options_Display.uasset" 400
"../../../Bettseecher/Content/UI/UI_Options_Sound.uasset" 401
"../../../Bettseecher/Content/UI/UI_Options.uasset" 402
"../../../Bettseecher/Content/UI/UI_Menu.uasset" 403
"../../../Bettseecher/Content/UI/UI_Menu_Confirm.uasset" 404
"../../../Bettseecher/Content/UI/UI_InGameMenu.uasset" 405
"../../../Bettseecher/Content/Levels/Level_1.umap" 406
"../../../Bettseecher/Content/Blueprints/Flashlight.uasset" 407
"../../../Bettseecher/Content/Levels/Level_2_BuiltData.uasset" 408
"../../../Bettseecher/Content/Assets/Materials/M_Wood_Floor_Walnut_Worn_Mannor.uasset" 409
"../../../Bettseecher/Content/Assets/Materials/Material_002.uasset" 410
"../../../Bettseecher/Content/Assets/Materials/renaissance_painting_texture.uasset" 411
"../../../Bettseecher/Content/Assets/Materials/Material_Painting.uasset" 412
"../../../Bettseecher/Content/Assets/Materials/MAterial_Painting_3.uasset" 413
"../../../Bettseecher/Content/StarterContent/Textures/T_Metal_Gold_D.uasset" 414
"../../../Bettseecher/Content/StarterContent/Materials/M_Metal_Gold.uasset" 415
"../../../Bettseecher/Content/StarterContent/Materials/M_Wood_Walnut.uasset" 416
"../../../Engine/Content/EngineMaterials/DefaultPhysicalMaterial.uasset" 417
"../../../Engine/Content/MapTemplates/SM_Template_Map_Floor.uasset" 418
"../../../Bettseecher/Content/Assets/door.uasset" 419
"../../../Bettseecher/Content/Assets/Material.uasset" 420
"../../../Bettseecher/Content/Assets/fireplace.uasset" 421
"../../../Bettseecher/Content/Assets/Frame.uasset" 422
"../../../Bettseecher/Content/Assets/Painting1.uasset" 423
"../../../Bettseecher/Content/Assets/painting.uasset" 424
"../../../Bettseecher/Content/Assets/woodpanel1_deeper.uasset" 425
"../../../Bettseecher/Content/Assets/woodpanel2_deeper.uasset" 426
"../../../Bettseecher/Content/Assets/woodpillar.uasset" 427
"../../../Bettseecher/Content/Sound/ambient_long.uasset" 428
"../../../Bettseecher/Content/Sound/ghostly-whispering.uasset" 429
"../../../Bettseecher/Content/StarterContent/Architecture/Wall_400x300.uasset" 430
"../../../Bettseecher/Content/StarterContent/Architecture/Wall_Door_400x300.uasset" 431
"../../../Bettseecher/Content/StarterContent/Architecture/Wall_Window_400x300.uasset" 432
"../../../Bettseecher/Content/StarterContent/Audio/Starter_Wind05.uasset" 433
"../../../Bettseecher/Content/StarterContent/Textures/T_Dust_Particle_D.uasset" 434
"../../../Bettseecher/Content/StarterContent/Particles/Materials/M_Dust_Particle.uasset" 435
"../../../Bettseecher/Content/StarterContent/Particles/P_Ambient_Dust.uasset" 436
"../../../Bettseecher/Content/StarterContent/Textures/T_Frame_M.uasset" 437
"../../../Bettseecher/Content/StarterContent/Textures/T_Frame_N.uasset" 438
"../../../Bettseecher/Content/StarterContent/Props/Materials/M_Frame.uasset" 439
"../../../Bettseecher/Content/StarterContent/Props/SM_DoorFrame.uasset" 440
"../../../Bettseecher/Content/StarterContent/Props/SM_GlassWindow.uasset" 441
"../../../Bettseecher/Content/StarterContent/Textures/T_Lamp_M.uasset" 442
"../../../Bettseecher/Content/StarterContent/Textures/T_Lamp_N.uasset" 443
"../../../Bettseecher/Content/StarterContent/Props/Materials/M_Lamp.uasset" 444
"../../../Bettseecher/Content/StarterContent/Props/SM_Lamp_Wall.uasset" 445
"../../../Bettseecher/Content/StarterContent/Props/SM_WindowFrame.uasset" 446
"../../../Bettseecher/Content/ThirdPerson/Meshes/RampMaterial.uasset" 447
"../../../Bettseecher/Content/ThirdPerson/Meshes/Linear_Stair_StaticMesh.uasset" 448
"../../../Bettseecher/Content/Levels/Level_2.umap" 449
"../../../Bettseecher/Content/Levels/Level_Menu.umap" 450
"../../../Bettseecher/Content/Sound/395803__klankbeeld__horror-170601-1190.uasset" 451
"../../../Bettseecher/Content/Levels/Menu.umap" 452
"../../../Bettseecher/Content/StarterContent/Blueprints/Assets/FogBrightnessLUT.uasset" 453
"../../../Bettseecher/Content/StarterContent/Blueprints/Assets/SunlightColorLUT.uasset" 454
"../../../Bettseecher/Content/StarterContent/Blueprints/Assets/M_LightStage_Arrows.uasset" 455
"../../../Engine/Content/MapTemplates/Sky/DaylightAmbientCubemap.uasset" 456
"../../../Bettseecher/Content/StarterContent/Blueprints/Assets/M_LightStage_Skybox_Master.uasset" 457
"../../../Bettseecher/Content/StarterContent/Blueprints/Assets/M_LightStage_Skybox_Black.uasset" 458
"../../../Bettseecher/Content/StarterContent/Blueprints/Assets/M_LightStage_Skybox_HDRI.uasset" 459
"../../../Engine/Content/EditorMaterials/Thumbnails/SkySphereMaterial.uasset" 460
"../../../Bettseecher/Content/StarterContent/Blueprints/Assets/Skybox.uasset" 461
"../../../Bettseecher/Content/StarterContent/Blueprints/Assets/SM_Arrows.uasset" 462
"../../../Bettseecher/Content/StarterContent/HDRI/HDRI_Epic_Courtyard_Daylight.uasset" 463
"../../../Bettseecher/Content/StarterContent/Blueprints/BP_LightStudio.uasset" 464
"../../../Bettseecher/Content/StarterContent/Maps/Advanced_Lighting_BuiltData.uasset" 465
"../../../Bettseecher/Content/StarterContent/Materials/M_AssetPlatform.uasset" 466
"../../../Engine/Content/EditorMeshes/ColorCalibrator/M_ChromeBall.uasset" 467
"../../../Engine/Content/EditorMeshes/ColorCalibrator/M_ClearCoat.uasset" 468
"../../../Engine/Content/EditorMeshes/ColorCalibrator/M_ClearCoatBlack.uasset" 469
"../../../Engine/Content/EditorMeshes/ColorCalibrator/M_ColorGrid.uasset" 470
"../../../Engine/Content/EditorMeshes/ColorCalibrator/M_GreyBall.uasset" 471
"../../../Engine/Content/EditorMeshes/ColorCalibrator/SM_ColorCalibrator.uasset" 472
"../../../Bettseecher/Content/StarterContent/Architecture/SM_AssetPlatform.uasset" 473
"../../../Bettseecher/Content/StarterContent/Maps/Advanced_Lighting.umap" 474
"../../../Bettseecher/Content/StarterContent/Maps/Minimal_Default_BuiltData.uasset" 475
"../../../Bettseecher/Content/StarterContent/Maps/Minimal_Default.umap" 476
"../../../Bettseecher/Content/StarterContent/Audio/Fire01_Cue.uasset" 477
"../../../Bettseecher/Content/StarterContent/Textures/T_Fire_SubUV.uasset" 478
"../../../Bettseecher/Content/StarterContent/Textures/T_Fire_Tiled_D.uasset" 479
"../../../Bettseecher/Content/StarterContent/Particles/Materials/M_Fire_SubUV.uasset" 480
"../../../Bettseecher/Content/StarterContent/Textures/T_Water_N.uasset" 481
"../../../Bettseecher/Content/StarterContent/Particles/Materials/M_Heat_Distortion.uasset" 482
"../../../Bettseecher/Content/StarterContent/Particles/Materials/M_Radial_Gradient.uasset" 483
"../../../Bettseecher/Content/StarterContent/Particles/P_Fire.uasset" 484
"../../../Bettseecher/Content/StarterContent/Blueprints/Blueprint_Effect_Fire.uasset" 485
"../../../Bettseecher/Content/StarterContent/Audio/Smoke01_Cue.uasset" 486
"../../../Bettseecher/Content/StarterContent/Particles/P_Smoke.uasset" 487
"../../../Bettseecher/Content/StarterContent/Blueprints/Blueprint_Effect_Smoke.uasset" 488
"../../../Bettseecher/Content/StarterContent/Audio/Fire_Sparks01_Cue.uasset" 489
"../../../Bettseecher/Content/StarterContent/Textures/T_Spark_Core.uasset" 490
"../../../Bettseecher/Content/StarterContent/Particles/Materials/M_Spark.uasset" 491
"../../../Bettseecher/Content/StarterContent/Particles/P_Sparks.uasset" 492
"../../../Bettseecher/Content/StarterContent/Blueprints/Blueprint_Effect_Sparks.uasset" 493
"../../../Bettseecher/Content/StarterContent/Audio/Steam01_Cue.uasset" 494
"../../../Bettseecher/Content/StarterContent/Particles/P_Steam_Lit.uasset" 495
"../../../Bettseecher/Content/StarterContent/Blueprints/Blueprint_Effect_Steam.uasset" 496
"../../../Bettseecher/Content/StarterContent/Props/SM_Lamp_Ceiling.uasset" 497
"../../../Bettseecher/Content/StarterContent/Blueprints/Blueprint_CeilingLight.uasset" 498
"../../../Bettseecher/Content/StarterContent/Blueprints/Blueprint_WallSconce.uasset" 499
"../../../Bettseecher/Content/StarterContent/Maps/StarterMap_BuiltData.uasset" 500
"../../../Engine/Content/Functions/Engine_MaterialFunctions03/Procedurals/ComputeFilterWidth.uasset" 501
"../../../Engine/Content/EngineMaterials/AntiAliasedTextMaterialTranslucent.uasset" 502
"../../../Bettseecher/Content/StarterContent/Textures/T_Brick_Clay_Beveled_D.uasset" 503
"../../../Bettseecher/Content/StarterContent/Textures/T_Brick_Clay_Beveled_M.uasset" 504
"../../../Bettseecher/Content/StarterContent/Textures/T_Brick_Clay_Beveled_N.uasset" 505
"../../../Bettseecher/Content/StarterContent/Materials/M_Brick_Clay_Beveled.uasset" 506
"../../../Bettseecher/Content/StarterContent/Textures/T_Brick_Clay_New_D.uasset" 507
"../../../Bettseecher/Content/StarterContent/Textures/T_Brick_Clay_New_M.uasset" 508
"../../../Bettseecher/Content/StarterContent/Textures/T_Brick_Clay_New_N.uasset" 509
"../../../Bettseecher/Content/StarterContent/Materials/M_Brick_Clay_New.uasset" 510
"../../../Bettseecher/Content/StarterContent/Materials/M_Brick_Clay_Old.uasset" 511
"../../../Bettseecher/Content/StarterContent/Textures/T_Brick_Cut_Stone_D.uasset" 512
"../../../Bettseecher/Content/StarterContent/Textures/T_Brick_Cut_Stone_N.uasset" 513
"../../../Bettseecher/Content/StarterContent/Materials/M_Brick_Cut_Stone.uasset" 514
"../../../Bettseecher/Content/StarterContent/Textures/T_Brick_Hewn_Stone_D.uasset" 515
"../../../Bettseecher/Content/StarterContent/Textures/T_Brick_Hewn_Stone_M.uasset" 516
"../../../Bettseecher/Content/StarterContent/Textures/T_Brick_Hewn_Stone_N.uasset" 517
"../../../Bettseecher/Content/StarterContent/Materials/M_Brick_Hewn_Stone.uasset" 518
"../../../Bettseecher/Content/StarterContent/Textures/T_Ceramic_Tile_M.uasset" 519
"../../../Bettseecher/Content/StarterContent/Textures/T_Ceramic_Tile_N.uasset" 520
"../../../Bettseecher/Content/StarterContent/Textures/T_Rock_Marble_Polished_D.uasset" 521
"../../../Bettseecher/Content/StarterContent/Materials/M_Ceramic_Tile_Checker.uasset" 522
"../../../Bettseecher/Content/StarterContent/Textures/T_CobbleStone_Pebble_D.uasset" 523
"../../../Bettseecher/Content/StarterContent/Textures/T_CobbleStone_Pebble_M.uasset" 524
"../../../Bettseecher/Content/StarterContent/Textures/T_CobbleStone_Pebble_N.uasset" 525
"../../../Bettseecher/Content/StarterContent/Materials/M_CobbleStone_Pebble.uasset" 526
"../../../Bettseecher/Content/StarterContent/Textures/T_CobbleStone_Rough_D.uasset" 527
"../../../Bettseecher/Content/StarterContent/Textures/T_CobbleStone_Rough_N.uasset" 528
"../../../Bettseecher/Content/StarterContent/Textures/T_Gradinet_01.uasset" 529
"../../../Bettseecher/Content/StarterContent/Textures/T_Rock_Smooth_Granite_D.uasset" 530
"../../../Bettseecher/Content/StarterContent/Materials/M_CobbleStone_Rough.uasset" 531
"../../../Bettseecher/Content/StarterContent/Textures/T_CobbleStone_Smooth_D.uasset" 532
"../../../Bettseecher/Content/StarterContent/Textures/T_CobbleStone_Smooth_M.uasset" 533
"../../../Bettseecher/Content/StarterContent/Textures/T_CobbleStone_Smooth_N.uasset" 534
"../../../Bettseecher/Content/StarterContent/Materials/M_CobbleStone_Smooth.uasset" 535
"../../../Bettseecher/Content/StarterContent/Textures/T_Concrete_Grime_D.uasset" 536
"../../../Bettseecher/Content/StarterContent/Textures/T_Metal_Rust_N.uasset" 537
"../../../Bettseecher/Content/StarterContent/Materials/M_Concrete_Grime.uasset" 538
"../../../Bettseecher/Content/StarterContent/Textures/T_Concrete_Panels_D.uasset" 539
"../../../Bettseecher/Content/StarterContent/Textures/T_Concrete_Panels_N.uasset" 540
"../../../Bettseecher/Content/StarterContent/Materials/M_Concrete_Panels.uasset" 541
"../../../Bettseecher/Content/StarterContent/Textures/T_Concrete_Poured_D.uasset" 542
"../../../Bettseecher/Content/StarterContent/Textures/T_Concrete_Poured_N.uasset" 543
"../../../Bettseecher/Content/StarterContent/Materials/M_Concrete_Poured.uasset" 544
"../../../Bettseecher/Content/StarterContent/Textures/T_Concrete_Tiles_D.uasset" 545
"../../../Bettseecher/Content/StarterContent/Textures/T_Concrete_Tiles_M.uasset" 546
"../../../Bettseecher/Content/StarterContent/Textures/T_Concrete_Tiles_N.uasset" 547
"../../../Bettseecher/Content/StarterContent/Textures/T_Concrete_Tiles_Variation_M.uasset" 548
"../../../Bettseecher/Content/StarterContent/Materials/M_Concrete_Tiles.uasset" 549
"../../../Bettseecher/Content/StarterContent/Textures/T_Ground_Grass_D.uasset" 550
"../../../Bettseecher/Content/StarterContent/Textures/T_Ground_Grass_N.uasset" 551
"../../../Bettseecher/Content/StarterContent/Materials/M_Ground_Grass.uasset" 552
"../../../Bettseecher/Content/StarterContent/Textures/T_Ground_Gravel_D.uasset" 553
"../../../Bettseecher/Content/StarterContent/Textures/T_Ground_Gravel_N.uasset" 554
"../../../Bettseecher/Content/StarterContent/Materials/M_Ground_Gravel.uasset" 555
"../../../Bettseecher/Content/StarterContent/Textures/T_ground_Moss_D.uasset" 556
"../../../Bettseecher/Content/StarterContent/Textures/T_Ground_Moss_N.uasset" 557
"../../../Bettseecher/Content/StarterContent/Materials/M_Ground_Moss.uasset" 558
"../../../Bettseecher/Content/StarterContent/Materials/M_Metal_Chrome.uasset" 559
"../../../Bettseecher/Content/StarterContent/Textures/T_Metal_Rust_D.uasset" 560
"../../../Bettseecher/Content/StarterContent/Materials/M_Metal_Rust.uasset" 561
"../../../Bettseecher/Content/StarterContent/Textures/T_Metal_Steel_D.uasset" 562
"../../../Bettseecher/Content/StarterContent/Textures/T_Metal_Steel_N.uasset" 563
"../../../Bettseecher/Content/StarterContent/Materials/M_Metal_Steel.uasset" 564
"../../../Bettseecher/Content/StarterContent/Textures/T_Rock_Basalt_N.uasset" 565
"../../../Bettseecher/Content/StarterContent/Materials/M_Rock_Basalt.uasset" 566
"../../../Bettseecher/Content/StarterContent/Materials/M_Rock_Marble_Polished.uasset" 567
"../../../Bettseecher/Content/StarterContent/Textures/T_Rock_Sandstone_D.uasset" 568
"../../../Bettseecher/Content/StarterContent/Textures/T_Rock_Sandstone_N.uasset" 569
"../../../Bettseecher/Content/StarterContent/Materials/M_Rock_Sandstone.uasset" 570
"../../../Bettseecher/Content/StarterContent/Textures/T_Rock_Slate_D.uasset" 571
"../../../Bettseecher/Content/StarterContent/Textures/T_Rock_Slate_N.uasset" 572
"../../../Bettseecher/Content/StarterContent/Materials/M_Rock_Slate.uasset" 573
"../../../Bettseecher/Content/StarterContent/Textures/T_Checker_Noise_M.uasset" 574
"../../../Bettseecher/Content/StarterContent/Textures/T_Single_Tile_N.uasset" 575
"../../../Bettseecher/Content/StarterContent/Textures/T_Tech_Dot_M.uasset" 576
"../../../Bettseecher/Content/StarterContent/Textures/T_Tech_Dot_N.uasset" 577
"../../../Bettseecher/Content/StarterContent/Materials/M_Tech_Checker_Dot.uasset" 578
"../../../Bettseecher/Content/StarterContent/Textures/T_Tech_Hex_Tile_M.uasset" 579
"../../../Bettseecher/Content/StarterContent/Textures/T_Tech_Hex_Tile_N.uasset" 580
"../../../Bettseecher/Content/StarterContent/Materials/M_Tech_Hex_Tile.uasset" 581
"../../../Bettseecher/Content/StarterContent/Materials/M_Tech_Hex_Tile_Pulse.uasset" 582
"../../../Bettseecher/Content/StarterContent/Textures/T_Tech_Panel_M.uasset" 583
"../../../Bettseecher/Content/StarterContent/Textures/T_Tech_Panel_N.uasset" 584
"../../../Bettseecher/Content/StarterContent/Materials/M_Tech_Panel.uasset" 585
"../../../Bettseecher/Content/StarterContent/Materials/M_Water_Lake.uasset" 586
"../../../Bettseecher/Content/StarterContent/Textures/T_Water_M.uasset" 587
"../../../Bettseecher/Content/StarterContent/Materials/M_Water_Ocean.uasset" 588
"../../../Bettseecher/Content/StarterContent/Materials/M_Wood_Floor_Walnut_Polished.uasset" 589
"../../../Bettseecher/Content/StarterContent/Materials/M_Wood_Floor_Walnut_Worn.uasset" 590
"../../../Bettseecher/Content/StarterContent/Textures/T_Wood_Oak_D.uasset" 591
"../../../Bettseecher/Content/StarterContent/Textures/T_Wood_Oak_N.uasset" 592
"../../../Bettseecher/Content/StarterContent/Materials/M_Wood_Oak.uasset" 593
"../../../Bettseecher/Content/StarterContent/Textures/T_Wood_Pine_D.uasset" 594
"../../../Bettseecher/Content/StarterContent/Textures/T_Wood_Pine_N.uasset" 595
"../../../Bettseecher/Content/StarterContent/Materials/M_Wood_Pine.uasset" 596
"../../../Bettseecher/Content/StarterContent/Architecture/Wall_400x200.uasset" 597
"../../../Bettseecher/Content/StarterContent/Audio/Collapse_Cue.uasset" 598
"../../../Bettseecher/Content/StarterContent/Audio/Starter_Music_Cue.uasset" 599
"../../../Bettseecher/Content/StarterContent/Props/MaterialSphere.uasset" 600
"../../../Bettseecher/Content/StarterContent/Props/SM_CornerFrame.uasset" 601
"../../../Bettseecher/Content/StarterContent/Props/SM_PillarFrame.uasset" 602
"../../../Bettseecher/Content/StarterContent/Props/SM_PillarFrame300.uasset" 603
"../../../Bettseecher/Content/StarterContent/Shapes/Shape_Cube.uasset" 604
"../../../Bettseecher/Content/StarterContent/Shapes/Shape_QuadPyramid.uasset" 605
"../../../Bettseecher/Content/StarterContent/Shapes/Shape_Sphere.uasset" 606
"../../../Bettseecher/Content/StarterContent/Maps/StarterMap.umap" 607
"../../../Bettseecher/Content/ThirdPersonBP/Maps/ThirdPersonExampleMap_BuiltData.uasset" 608
"../../../Bettseecher/Content/Geometry/Meshes/CubeMaterial.uasset" 609
"../../../Bettseecher/Content/Geometry/Meshes/1M_Cube.uasset" 610
"../../../Bettseecher/Content/Geometry/Meshes/1M_Cube_Chamfer.uasset" 611
"../../../Bettseecher/Content/Geometry/Meshes/TemplateFloor.uasset" 612
"../../../Bettseecher/Content/ThirdPerson/Meshes/Bump_StaticMesh.uasset" 613
"../../../Bettseecher/Content/ThirdPerson/Meshes/LeftArm_StaticMesh.uasset" 614
"../../../Bettseecher/Content/ThirdPerson/Meshes/Ramp_StaticMesh.uasset" 615
"../../../Bettseecher/Content/ThirdPerson/Meshes/RightArm_StaticMesh.uasset" 616
"../../../Bettseecher/Content/ThirdPersonBP/Maps/ThirdPersonExampleMap.umap" 617
"../../../Engine/Content/Maps/Entry.umap" 618
